<?xml version="1.0" encoding="UTF-8"?>
<testsuite name="tests.AddQuickAlarmTest" tests="1" skipped="0" failures="0" errors="0" timestamp="2020-10-08T02:57:55" hostname="DESKTOP-H6T5P0G" time="65.824">
  <properties/>
  <testcase name="verifyAddAlarm" classname="tests.AddQuickAlarmTest" time="65.824"/>
  <system-out><![CDATA[12:13
]]></system-out>
  <system-err><![CDATA[Oct 07, 2020 10:58:22 PM io.appium.java_client.remote.AppiumCommandExecutor$1 lambda$0
INFO: Detected dialect: W3C
]]></system-err>
</testsuite>
