<?xml version="1.0" encoding="UTF-8"?>
<testsuite name="tests.ItemTest" tests="2" skipped="0" failures="0" errors="0" timestamp="2020-09-20T23:07:38" hostname="DESKTOP-H6T5P0G" time="70.399">
  <properties/>
  <testcase name="verifyEditItem" classname="tests.ItemTest" time="35.877"/>
  <testcase name="verifyAddItem" classname="tests.ItemTest" time="34.522"/>
  <system-out><![CDATA[]]></system-out>
  <system-err><![CDATA[Sep 20, 2020 7:07:56 PM io.appium.java_client.remote.AppiumCommandExecutor$1 lambda$0
INFO: Detected dialect: OSS
Sep 20, 2020 7:08:42 PM io.appium.java_client.remote.AppiumCommandExecutor$1 lambda$0
INFO: Detected dialect: OSS
]]></system-err>
</testsuite>
