<?xml version="1.0" encoding="UTF-8"?>
<testsuite name="testUI.VulnerabilityTest" tests="1" skipped="0" failures="0" errors="0" timestamp="2020-10-04T01:47:42" hostname="DESKTOP-H6T5P0G" time="220.727">
  <properties/>
  <testcase name="verifyVulnerabilityScanTest" classname="testUI.VulnerabilityTest" time="220.727"/>
  <system-out><![CDATA[{
    "scan": "1"
}
ID :1
OWASP Status : 1 %
OWASP Status : 3 %
OWASP Status : 7 %
OWASP Status : 9 %
OWASP Status : 13 %
OWASP Status : 18 %
OWASP Status : 100 %
]]></system-out>
  <system-err><![CDATA[[CallSiteClassLoader@7e296975] error at io\qameta\allure\aspects\StepsAspects.java::0 the @annotation pointcut expression is only supported at Java 5 compliance level or above
[CallSiteClassLoader@7e296975] error at io\qameta\allure\aspects\AttachmentsAspects.java::0 the @annotation pointcut expression is only supported at Java 5 compliance level or above
[DelegatingClassLoader@7d36a511] error at io\qameta\allure\aspects\StepsAspects.java::0 the @annotation pointcut expression is only supported at Java 5 compliance level or above
[DelegatingClassLoader@7d36a511] error at io\qameta\allure\aspects\AttachmentsAspects.java::0 the @annotation pointcut expression is only supported at Java 5 compliance level or above
[DelegatingClassLoader@2d11723f] error at io\qameta\allure\aspects\StepsAspects.java::0 the @annotation pointcut expression is only supported at Java 5 compliance level or above
[DelegatingClassLoader@2d11723f] error at io\qameta\allure\aspects\AttachmentsAspects.java::0 the @annotation pointcut expression is only supported at Java 5 compliance level or above
[CallSiteClassLoader@5fe3a7b2] error at io\qameta\allure\aspects\StepsAspects.java::0 the @annotation pointcut expression is only supported at Java 5 compliance level or above
[CallSiteClassLoader@5fe3a7b2] error at io\qameta\allure\aspects\AttachmentsAspects.java::0 the @annotation pointcut expression is only supported at Java 5 compliance level or above
[CallSiteClassLoader@3037be1d] error at io\qameta\allure\aspects\StepsAspects.java::0 the @annotation pointcut expression is only supported at Java 5 compliance level or above
[CallSiteClassLoader@3037be1d] error at io\qameta\allure\aspects\AttachmentsAspects.java::0 the @annotation pointcut expression is only supported at Java 5 compliance level or above
[CallSiteClassLoader@7d08ba9a] error at io\qameta\allure\aspects\StepsAspects.java::0 the @annotation pointcut expression is only supported at Java 5 compliance level or above
[CallSiteClassLoader@7d08ba9a] error at io\qameta\allure\aspects\AttachmentsAspects.java::0 the @annotation pointcut expression is only supported at Java 5 compliance level or above
[CallSiteClassLoader@7aa351f3] error at io\qameta\allure\aspects\StepsAspects.java::0 the @annotation pointcut expression is only supported at Java 5 compliance level or above
[CallSiteClassLoader@7aa351f3] error at io\qameta\allure\aspects\AttachmentsAspects.java::0 the @annotation pointcut expression is only supported at Java 5 compliance level or above
[CallSiteClassLoader@3b38a1d8] error at io\qameta\allure\aspects\StepsAspects.java::0 the @annotation pointcut expression is only supported at Java 5 compliance level or above
[CallSiteClassLoader@3b38a1d8] error at io\qameta\allure\aspects\AttachmentsAspects.java::0 the @annotation pointcut expression is only supported at Java 5 compliance level or above
[CallSiteClassLoader@9ff8655] error at io\qameta\allure\aspects\StepsAspects.java::0 the @annotation pointcut expression is only supported at Java 5 compliance level or above
[CallSiteClassLoader@9ff8655] error at io\qameta\allure\aspects\AttachmentsAspects.java::0 the @annotation pointcut expression is only supported at Java 5 compliance level or above
[CallSiteClassLoader@27a0b014] error at io\qameta\allure\aspects\StepsAspects.java::0 the @annotation pointcut expression is only supported at Java 5 compliance level or above
[CallSiteClassLoader@27a0b014] error at io\qameta\allure\aspects\AttachmentsAspects.java::0 the @annotation pointcut expression is only supported at Java 5 compliance level or above
[DelegatingClassLoader@70e48379] error at io\qameta\allure\aspects\StepsAspects.java::0 the @annotation pointcut expression is only supported at Java 5 compliance level or above
[DelegatingClassLoader@70e48379] error at io\qameta\allure\aspects\AttachmentsAspects.java::0 the @annotation pointcut expression is only supported at Java 5 compliance level or above
[CallSiteClassLoader@7ff1aad2] error at io\qameta\allure\aspects\StepsAspects.java::0 the @annotation pointcut expression is only supported at Java 5 compliance level or above
[CallSiteClassLoader@7ff1aad2] error at io\qameta\allure\aspects\AttachmentsAspects.java::0 the @annotation pointcut expression is only supported at Java 5 compliance level or above
[CallSiteClassLoader@78430096] error at io\qameta\allure\aspects\StepsAspects.java::0 the @annotation pointcut expression is only supported at Java 5 compliance level or above
[CallSiteClassLoader@78430096] error at io\qameta\allure\aspects\AttachmentsAspects.java::0 the @annotation pointcut expression is only supported at Java 5 compliance level or above
[CallSiteClassLoader@50455406] error at io\qameta\allure\aspects\StepsAspects.java::0 the @annotation pointcut expression is only supported at Java 5 compliance level or above
[CallSiteClassLoader@50455406] error at io\qameta\allure\aspects\AttachmentsAspects.java::0 the @annotation pointcut expression is only supported at Java 5 compliance level or above
[CallSiteClassLoader@3639b951] error at io\qameta\allure\aspects\StepsAspects.java::0 the @annotation pointcut expression is only supported at Java 5 compliance level or above
[CallSiteClassLoader@3639b951] error at io\qameta\allure\aspects\AttachmentsAspects.java::0 the @annotation pointcut expression is only supported at Java 5 compliance level or above
[CallSiteClassLoader@61b31607] error at io\qameta\allure\aspects\StepsAspects.java::0 the @annotation pointcut expression is only supported at Java 5 compliance level or above
[CallSiteClassLoader@61b31607] error at io\qameta\allure\aspects\AttachmentsAspects.java::0 the @annotation pointcut expression is only supported at Java 5 compliance level or above
[CallSiteClassLoader@340c3ce1] error at io\qameta\allure\aspects\StepsAspects.java::0 the @annotation pointcut expression is only supported at Java 5 compliance level or above
[CallSiteClassLoader@340c3ce1] error at io\qameta\allure\aspects\AttachmentsAspects.java::0 the @annotation pointcut expression is only supported at Java 5 compliance level or above
[CallSiteClassLoader@2525167a] error at io\qameta\allure\aspects\StepsAspects.java::0 the @annotation pointcut expression is only supported at Java 5 compliance level or above
[CallSiteClassLoader@2525167a] error at io\qameta\allure\aspects\AttachmentsAspects.java::0 the @annotation pointcut expression is only supported at Java 5 compliance level or above
[CallSiteClassLoader@bd8b502] error at io\qameta\allure\aspects\StepsAspects.java::0 the @annotation pointcut expression is only supported at Java 5 compliance level or above
[CallSiteClassLoader@bd8b502] error at io\qameta\allure\aspects\AttachmentsAspects.java::0 the @annotation pointcut expression is only supported at Java 5 compliance level or above
[CallSiteClassLoader@7870f87f] error at io\qameta\allure\aspects\StepsAspects.java::0 the @annotation pointcut expression is only supported at Java 5 compliance level or above
[CallSiteClassLoader@7870f87f] error at io\qameta\allure\aspects\AttachmentsAspects.java::0 the @annotation pointcut expression is only supported at Java 5 compliance level or above
[CallSiteClassLoader@5008d94] error at io\qameta\allure\aspects\StepsAspects.java::0 the @annotation pointcut expression is only supported at Java 5 compliance level or above
[CallSiteClassLoader@5008d94] error at io\qameta\allure\aspects\AttachmentsAspects.java::0 the @annotation pointcut expression is only supported at Java 5 compliance level or above
[CallSiteClassLoader@3a89f462] error at io\qameta\allure\aspects\StepsAspects.java::0 the @annotation pointcut expression is only supported at Java 5 compliance level or above
[CallSiteClassLoader@3a89f462] error at io\qameta\allure\aspects\AttachmentsAspects.java::0 the @annotation pointcut expression is only supported at Java 5 compliance level or above
[DelegatingClassLoader@705cd775] error at io\qameta\allure\aspects\StepsAspects.java::0 the @annotation pointcut expression is only supported at Java 5 compliance level or above
[DelegatingClassLoader@705cd775] error at io\qameta\allure\aspects\AttachmentsAspects.java::0 the @annotation pointcut expression is only supported at Java 5 compliance level or above
[CallSiteClassLoader@13755c6c] error at io\qameta\allure\aspects\StepsAspects.java::0 the @annotation pointcut expression is only supported at Java 5 compliance level or above
[CallSiteClassLoader@13755c6c] error at io\qameta\allure\aspects\AttachmentsAspects.java::0 the @annotation pointcut expression is only supported at Java 5 compliance level or above
[DelegatingClassLoader@1c077722] error at io\qameta\allure\aspects\StepsAspects.java::0 the @annotation pointcut expression is only supported at Java 5 compliance level or above
[DelegatingClassLoader@1c077722] error at io\qameta\allure\aspects\AttachmentsAspects.java::0 the @annotation pointcut expression is only supported at Java 5 compliance level or above
[CallSiteClassLoader@5b1a1080] error at io\qameta\allure\aspects\StepsAspects.java::0 the @annotation pointcut expression is only supported at Java 5 compliance level or above
[CallSiteClassLoader@5b1a1080] error at io\qameta\allure\aspects\AttachmentsAspects.java::0 the @annotation pointcut expression is only supported at Java 5 compliance level or above
[CallSiteClassLoader@6c765692] error at io\qameta\allure\aspects\StepsAspects.java::0 the @annotation pointcut expression is only supported at Java 5 compliance level or above
[CallSiteClassLoader@6c765692] error at io\qameta\allure\aspects\AttachmentsAspects.java::0 the @annotation pointcut expression is only supported at Java 5 compliance level or above
[CallSiteClassLoader@629fb8e3] error at io\qameta\allure\aspects\StepsAspects.java::0 the @annotation pointcut expression is only supported at Java 5 compliance level or above
[CallSiteClassLoader@629fb8e3] error at io\qameta\allure\aspects\AttachmentsAspects.java::0 the @annotation pointcut expression is only supported at Java 5 compliance level or above
[CallSiteClassLoader@14682d01] error at io\qameta\allure\aspects\StepsAspects.java::0 the @annotation pointcut expression is only supported at Java 5 compliance level or above
[CallSiteClassLoader@14682d01] error at io\qameta\allure\aspects\AttachmentsAspects.java::0 the @annotation pointcut expression is only supported at Java 5 compliance level or above
[DelegatingClassLoader@530c44dd] error at io\qameta\allure\aspects\StepsAspects.java::0 the @annotation pointcut expression is only supported at Java 5 compliance level or above
[DelegatingClassLoader@530c44dd] error at io\qameta\allure\aspects\AttachmentsAspects.java::0 the @annotation pointcut expression is only supported at Java 5 compliance level or above
[DelegatingClassLoader@ef0c4c8] error at io\qameta\allure\aspects\StepsAspects.java::0 the @annotation pointcut expression is only supported at Java 5 compliance level or above
[DelegatingClassLoader@ef0c4c8] error at io\qameta\allure\aspects\AttachmentsAspects.java::0 the @annotation pointcut expression is only supported at Java 5 compliance level or above
[CallSiteClassLoader@738a6a7b] error at io\qameta\allure\aspects\StepsAspects.java::0 the @annotation pointcut expression is only supported at Java 5 compliance level or above
[CallSiteClassLoader@738a6a7b] error at io\qameta\allure\aspects\AttachmentsAspects.java::0 the @annotation pointcut expression is only supported at Java 5 compliance level or above
[CallSiteClassLoader@5f6ebeb] error at io\qameta\allure\aspects\StepsAspects.java::0 the @annotation pointcut expression is only supported at Java 5 compliance level or above
[CallSiteClassLoader@5f6ebeb] error at io\qameta\allure\aspects\AttachmentsAspects.java::0 the @annotation pointcut expression is only supported at Java 5 compliance level or above
[CallSiteClassLoader@3f09055] error at io\qameta\allure\aspects\StepsAspects.java::0 the @annotation pointcut expression is only supported at Java 5 compliance level or above
[CallSiteClassLoader@3f09055] error at io\qameta\allure\aspects\AttachmentsAspects.java::0 the @annotation pointcut expression is only supported at Java 5 compliance level or above
[CallSiteClassLoader@4fa38a86] error at io\qameta\allure\aspects\StepsAspects.java::0 the @annotation pointcut expression is only supported at Java 5 compliance level or above
[CallSiteClassLoader@4fa38a86] error at io\qameta\allure\aspects\AttachmentsAspects.java::0 the @annotation pointcut expression is only supported at Java 5 compliance level or above
[CallSiteClassLoader@570802f] error at io\qameta\allure\aspects\StepsAspects.java::0 the @annotation pointcut expression is only supported at Java 5 compliance level or above
[CallSiteClassLoader@570802f] error at io\qameta\allure\aspects\AttachmentsAspects.java::0 the @annotation pointcut expression is only supported at Java 5 compliance level or above
[CallSiteClassLoader@4ef3e580] error at io\qameta\allure\aspects\StepsAspects.java::0 the @annotation pointcut expression is only supported at Java 5 compliance level or above
[CallSiteClassLoader@4ef3e580] error at io\qameta\allure\aspects\AttachmentsAspects.java::0 the @annotation pointcut expression is only supported at Java 5 compliance level or above
[CallSiteClassLoader@6f8fdf4] error at io\qameta\allure\aspects\StepsAspects.java::0 the @annotation pointcut expression is only supported at Java 5 compliance level or above
[CallSiteClassLoader@6f8fdf4] error at io\qameta\allure\aspects\AttachmentsAspects.java::0 the @annotation pointcut expression is only supported at Java 5 compliance level or above
[CallSiteClassLoader@ea08c9b] error at io\qameta\allure\aspects\StepsAspects.java::0 the @annotation pointcut expression is only supported at Java 5 compliance level or above
[CallSiteClassLoader@ea08c9b] error at io\qameta\allure\aspects\AttachmentsAspects.java::0 the @annotation pointcut expression is only supported at Java 5 compliance level or above
[CallSiteClassLoader@11a44140] error at io\qameta\allure\aspects\StepsAspects.java::0 the @annotation pointcut expression is only supported at Java 5 compliance level or above
[CallSiteClassLoader@11a44140] error at io\qameta\allure\aspects\AttachmentsAspects.java::0 the @annotation pointcut expression is only supported at Java 5 compliance level or above
[CallSiteClassLoader@76cd95d9] error at io\qameta\allure\aspects\StepsAspects.java::0 the @annotation pointcut expression is only supported at Java 5 compliance level or above
[CallSiteClassLoader@76cd95d9] error at io\qameta\allure\aspects\AttachmentsAspects.java::0 the @annotation pointcut expression is only supported at Java 5 compliance level or above
[CallSiteClassLoader@51ac6e16] error at io\qameta\allure\aspects\StepsAspects.java::0 the @annotation pointcut expression is only supported at Java 5 compliance level or above
[CallSiteClassLoader@51ac6e16] error at io\qameta\allure\aspects\AttachmentsAspects.java::0 the @annotation pointcut expression is only supported at Java 5 compliance level or above
[CallSiteClassLoader@5f0341f8] error at io\qameta\allure\aspects\StepsAspects.java::0 the @annotation pointcut expression is only supported at Java 5 compliance level or above
[CallSiteClassLoader@5f0341f8] error at io\qameta\allure\aspects\AttachmentsAspects.java::0 the @annotation pointcut expression is only supported at Java 5 compliance level or above
[CallSiteClassLoader@68ed5ac3] error at io\qameta\allure\aspects\StepsAspects.java::0 the @annotation pointcut expression is only supported at Java 5 compliance level or above
[CallSiteClassLoader@68ed5ac3] error at io\qameta\allure\aspects\AttachmentsAspects.java::0 the @annotation pointcut expression is only supported at Java 5 compliance level or above
[CallSiteClassLoader@31de5c7a] error at io\qameta\allure\aspects\StepsAspects.java::0 the @annotation pointcut expression is only supported at Java 5 compliance level or above
[CallSiteClassLoader@31de5c7a] error at io\qameta\allure\aspects\AttachmentsAspects.java::0 the @annotation pointcut expression is only supported at Java 5 compliance level or above
[CallSiteClassLoader@47861fc8] error at io\qameta\allure\aspects\StepsAspects.java::0 the @annotation pointcut expression is only supported at Java 5 compliance level or above
[CallSiteClassLoader@47861fc8] error at io\qameta\allure\aspects\AttachmentsAspects.java::0 the @annotation pointcut expression is only supported at Java 5 compliance level or above
[CallSiteClassLoader@2ba20bb2] error at io\qameta\allure\aspects\StepsAspects.java::0 the @annotation pointcut expression is only supported at Java 5 compliance level or above
[CallSiteClassLoader@2ba20bb2] error at io\qameta\allure\aspects\AttachmentsAspects.java::0 the @annotation pointcut expression is only supported at Java 5 compliance level or above
[CallSiteClassLoader@3c47f415] error at io\qameta\allure\aspects\StepsAspects.java::0 the @annotation pointcut expression is only supported at Java 5 compliance level or above
[CallSiteClassLoader@3c47f415] error at io\qameta\allure\aspects\AttachmentsAspects.java::0 the @annotation pointcut expression is only supported at Java 5 compliance level or above
[CallSiteClassLoader@4822c394] error at io\qameta\allure\aspects\StepsAspects.java::0 the @annotation pointcut expression is only supported at Java 5 compliance level or above
[CallSiteClassLoader@4822c394] error at io\qameta\allure\aspects\AttachmentsAspects.java::0 the @annotation pointcut expression is only supported at Java 5 compliance level or above
[CallSiteClassLoader@27474d69] error at io\qameta\allure\aspects\StepsAspects.java::0 the @annotation pointcut expression is only supported at Java 5 compliance level or above
[CallSiteClassLoader@27474d69] error at io\qameta\allure\aspects\AttachmentsAspects.java::0 the @annotation pointcut expression is only supported at Java 5 compliance level or above
[CallSiteClassLoader@4bcb3f47] error at io\qameta\allure\aspects\StepsAspects.java::0 the @annotation pointcut expression is only supported at Java 5 compliance level or above
[CallSiteClassLoader@4bcb3f47] error at io\qameta\allure\aspects\AttachmentsAspects.java::0 the @annotation pointcut expression is only supported at Java 5 compliance level or above
[CallSiteClassLoader@16543eb] error at io\qameta\allure\aspects\StepsAspects.java::0 the @annotation pointcut expression is only supported at Java 5 compliance level or above
[CallSiteClassLoader@16543eb] error at io\qameta\allure\aspects\AttachmentsAspects.java::0 the @annotation pointcut expression is only supported at Java 5 compliance level or above
[CallSiteClassLoader@5a554b38] error at io\qameta\allure\aspects\StepsAspects.java::0 the @annotation pointcut expression is only supported at Java 5 compliance level or above
[CallSiteClassLoader@5a554b38] error at io\qameta\allure\aspects\AttachmentsAspects.java::0 the @annotation pointcut expression is only supported at Java 5 compliance level or above
[CallSiteClassLoader@1ca0fb3f] error at io\qameta\allure\aspects\StepsAspects.java::0 the @annotation pointcut expression is only supported at Java 5 compliance level or above
[CallSiteClassLoader@1ca0fb3f] error at io\qameta\allure\aspects\AttachmentsAspects.java::0 the @annotation pointcut expression is only supported at Java 5 compliance level or above
[CallSiteClassLoader@1b9bfb24] error at io\qameta\allure\aspects\StepsAspects.java::0 the @annotation pointcut expression is only supported at Java 5 compliance level or above
[CallSiteClassLoader@1b9bfb24] error at io\qameta\allure\aspects\AttachmentsAspects.java::0 the @annotation pointcut expression is only supported at Java 5 compliance level or above
[CallSiteClassLoader@6e1db605] error at io\qameta\allure\aspects\StepsAspects.java::0 the @annotation pointcut expression is only supported at Java 5 compliance level or above
[CallSiteClassLoader@6e1db605] error at io\qameta\allure\aspects\AttachmentsAspects.java::0 the @annotation pointcut expression is only supported at Java 5 compliance level or above
[CallSiteClassLoader@4c68665e] error at io\qameta\allure\aspects\StepsAspects.java::0 the @annotation pointcut expression is only supported at Java 5 compliance level or above
[CallSiteClassLoader@4c68665e] error at io\qameta\allure\aspects\AttachmentsAspects.java::0 the @annotation pointcut expression is only supported at Java 5 compliance level or above
[CallSiteClassLoader@2fddc642] error at io\qameta\allure\aspects\StepsAspects.java::0 the @annotation pointcut expression is only supported at Java 5 compliance level or above
[CallSiteClassLoader@2fddc642] error at io\qameta\allure\aspects\AttachmentsAspects.java::0 the @annotation pointcut expression is only supported at Java 5 compliance level or above
[CallSiteClassLoader@2b57a732] error at io\qameta\allure\aspects\StepsAspects.java::0 the @annotation pointcut expression is only supported at Java 5 compliance level or above
[CallSiteClassLoader@2b57a732] error at io\qameta\allure\aspects\AttachmentsAspects.java::0 the @annotation pointcut expression is only supported at Java 5 compliance level or above
[CallSiteClassLoader@6971aac1] error at io\qameta\allure\aspects\StepsAspects.java::0 the @annotation pointcut expression is only supported at Java 5 compliance level or above
[CallSiteClassLoader@6971aac1] error at io\qameta\allure\aspects\AttachmentsAspects.java::0 the @annotation pointcut expression is only supported at Java 5 compliance level or above
[CallSiteClassLoader@49b73ab9] error at io\qameta\allure\aspects\StepsAspects.java::0 the @annotation pointcut expression is only supported at Java 5 compliance level or above
[CallSiteClassLoader@49b73ab9] error at io\qameta\allure\aspects\AttachmentsAspects.java::0 the @annotation pointcut expression is only supported at Java 5 compliance level or above
[CallSiteClassLoader@67f360f2] error at io\qameta\allure\aspects\StepsAspects.java::0 the @annotation pointcut expression is only supported at Java 5 compliance level or above
[CallSiteClassLoader@67f360f2] error at io\qameta\allure\aspects\AttachmentsAspects.java::0 the @annotation pointcut expression is only supported at Java 5 compliance level or above
[CallSiteClassLoader@1eb13dd6] error at io\qameta\allure\aspects\StepsAspects.java::0 the @annotation pointcut expression is only supported at Java 5 compliance level or above
[CallSiteClassLoader@1eb13dd6] error at io\qameta\allure\aspects\AttachmentsAspects.java::0 the @annotation pointcut expression is only supported at Java 5 compliance level or above
[CallSiteClassLoader@58ef45d0] error at io\qameta\allure\aspects\StepsAspects.java::0 the @annotation pointcut expression is only supported at Java 5 compliance level or above
[CallSiteClassLoader@58ef45d0] error at io\qameta\allure\aspects\AttachmentsAspects.java::0 the @annotation pointcut expression is only supported at Java 5 compliance level or above
[CallSiteClassLoader@52c5aa84] error at io\qameta\allure\aspects\StepsAspects.java::0 the @annotation pointcut expression is only supported at Java 5 compliance level or above
[CallSiteClassLoader@52c5aa84] error at io\qameta\allure\aspects\AttachmentsAspects.java::0 the @annotation pointcut expression is only supported at Java 5 compliance level or above
[CallSiteClassLoader@d49c21b] error at io\qameta\allure\aspects\StepsAspects.java::0 the @annotation pointcut expression is only supported at Java 5 compliance level or above
[CallSiteClassLoader@d49c21b] error at io\qameta\allure\aspects\AttachmentsAspects.java::0 the @annotation pointcut expression is only supported at Java 5 compliance level or above
[CallSiteClassLoader@2a2e5d52] error at io\qameta\allure\aspects\StepsAspects.java::0 the @annotation pointcut expression is only supported at Java 5 compliance level or above
[CallSiteClassLoader@2a2e5d52] error at io\qameta\allure\aspects\AttachmentsAspects.java::0 the @annotation pointcut expression is only supported at Java 5 compliance level or above
[CallSiteClassLoader@78dcc1cd] error at io\qameta\allure\aspects\StepsAspects.java::0 the @annotation pointcut expression is only supported at Java 5 compliance level or above
[CallSiteClassLoader@78dcc1cd] error at io\qameta\allure\aspects\AttachmentsAspects.java::0 the @annotation pointcut expression is only supported at Java 5 compliance level or above
[CallSiteClassLoader@291b745a] error at io\qameta\allure\aspects\StepsAspects.java::0 the @annotation pointcut expression is only supported at Java 5 compliance level or above
[CallSiteClassLoader@291b745a] error at io\qameta\allure\aspects\AttachmentsAspects.java::0 the @annotation pointcut expression is only supported at Java 5 compliance level or above
[CallSiteClassLoader@59e9cb6b] error at io\qameta\allure\aspects\StepsAspects.java::0 the @annotation pointcut expression is only supported at Java 5 compliance level or above
[CallSiteClassLoader@59e9cb6b] error at io\qameta\allure\aspects\AttachmentsAspects.java::0 the @annotation pointcut expression is only supported at Java 5 compliance level or above
[CallSiteClassLoader@5233c323] error at io\qameta\allure\aspects\StepsAspects.java::0 the @annotation pointcut expression is only supported at Java 5 compliance level or above
[CallSiteClassLoader@5233c323] error at io\qameta\allure\aspects\AttachmentsAspects.java::0 the @annotation pointcut expression is only supported at Java 5 compliance level or above
[CallSiteClassLoader@31bba9fc] error at io\qameta\allure\aspects\StepsAspects.java::0 the @annotation pointcut expression is only supported at Java 5 compliance level or above
[CallSiteClassLoader@31bba9fc] error at io\qameta\allure\aspects\AttachmentsAspects.java::0 the @annotation pointcut expression is only supported at Java 5 compliance level or above
[CallSiteClassLoader@41008893] error at io\qameta\allure\aspects\StepsAspects.java::0 the @annotation pointcut expression is only supported at Java 5 compliance level or above
[CallSiteClassLoader@41008893] error at io\qameta\allure\aspects\AttachmentsAspects.java::0 the @annotation pointcut expression is only supported at Java 5 compliance level or above
[CallSiteClassLoader@ef7af7b] error at io\qameta\allure\aspects\StepsAspects.java::0 the @annotation pointcut expression is only supported at Java 5 compliance level or above
[CallSiteClassLoader@ef7af7b] error at io\qameta\allure\aspects\AttachmentsAspects.java::0 the @annotation pointcut expression is only supported at Java 5 compliance level or above
[CallSiteClassLoader@3d868b6f] error at io\qameta\allure\aspects\StepsAspects.java::0 the @annotation pointcut expression is only supported at Java 5 compliance level or above
[CallSiteClassLoader@3d868b6f] error at io\qameta\allure\aspects\AttachmentsAspects.java::0 the @annotation pointcut expression is only supported at Java 5 compliance level or above
[CallSiteClassLoader@2d4ada3d] error at io\qameta\allure\aspects\StepsAspects.java::0 the @annotation pointcut expression is only supported at Java 5 compliance level or above
[CallSiteClassLoader@2d4ada3d] error at io\qameta\allure\aspects\AttachmentsAspects.java::0 the @annotation pointcut expression is only supported at Java 5 compliance level or above
[CallSiteClassLoader@3c2c1b1a] error at io\qameta\allure\aspects\StepsAspects.java::0 the @annotation pointcut expression is only supported at Java 5 compliance level or above
[CallSiteClassLoader@3c2c1b1a] error at io\qameta\allure\aspects\AttachmentsAspects.java::0 the @annotation pointcut expression is only supported at Java 5 compliance level or above
[CallSiteClassLoader@19414501] error at io\qameta\allure\aspects\StepsAspects.java::0 the @annotation pointcut expression is only supported at Java 5 compliance level or above
[CallSiteClassLoader@19414501] error at io\qameta\allure\aspects\AttachmentsAspects.java::0 the @annotation pointcut expression is only supported at Java 5 compliance level or above
[InnerLoader@2a7fbe1f] error at io\qameta\allure\aspects\StepsAspects.java::0 the @annotation pointcut expression is only supported at Java 5 compliance level or above
[InnerLoader@2a7fbe1f] error at io\qameta\allure\aspects\AttachmentsAspects.java::0 the @annotation pointcut expression is only supported at Java 5 compliance level or above
[CallSiteClassLoader@d5adaec] error at io\qameta\allure\aspects\StepsAspects.java::0 the @annotation pointcut expression is only supported at Java 5 compliance level or above
[CallSiteClassLoader@d5adaec] error at io\qameta\allure\aspects\AttachmentsAspects.java::0 the @annotation pointcut expression is only supported at Java 5 compliance level or above
[DelegatingClassLoader@146c0bd5] error at io\qameta\allure\aspects\StepsAspects.java::0 the @annotation pointcut expression is only supported at Java 5 compliance level or above
[DelegatingClassLoader@146c0bd5] error at io\qameta\allure\aspects\AttachmentsAspects.java::0 the @annotation pointcut expression is only supported at Java 5 compliance level or above
[DelegatingClassLoader@2c330e88] error at io\qameta\allure\aspects\StepsAspects.java::0 the @annotation pointcut expression is only supported at Java 5 compliance level or above
[DelegatingClassLoader@2c330e88] error at io\qameta\allure\aspects\AttachmentsAspects.java::0 the @annotation pointcut expression is only supported at Java 5 compliance level or above
[DelegatingClassLoader@428329a3] error at io\qameta\allure\aspects\StepsAspects.java::0 the @annotation pointcut expression is only supported at Java 5 compliance level or above
[DelegatingClassLoader@428329a3] error at io\qameta\allure\aspects\AttachmentsAspects.java::0 the @annotation pointcut expression is only supported at Java 5 compliance level or above
[DelegatingClassLoader@98009e1] error at io\qameta\allure\aspects\StepsAspects.java::0 the @annotation pointcut expression is only supported at Java 5 compliance level or above
[DelegatingClassLoader@98009e1] error at io\qameta\allure\aspects\AttachmentsAspects.java::0 the @annotation pointcut expression is only supported at Java 5 compliance level or above
[DelegatingClassLoader@482047d1] error at io\qameta\allure\aspects\StepsAspects.java::0 the @annotation pointcut expression is only supported at Java 5 compliance level or above
[DelegatingClassLoader@482047d1] error at io\qameta\allure\aspects\AttachmentsAspects.java::0 the @annotation pointcut expression is only supported at Java 5 compliance level or above
[InnerLoader@20638264] error at io\qameta\allure\aspects\StepsAspects.java::0 the @annotation pointcut expression is only supported at Java 5 compliance level or above
[InnerLoader@20638264] error at io\qameta\allure\aspects\AttachmentsAspects.java::0 the @annotation pointcut expression is only supported at Java 5 compliance level or above
[DelegatingClassLoader@ab8a771] error at io\qameta\allure\aspects\StepsAspects.java::0 the @annotation pointcut expression is only supported at Java 5 compliance level or above
[DelegatingClassLoader@ab8a771] error at io\qameta\allure\aspects\AttachmentsAspects.java::0 the @annotation pointcut expression is only supported at Java 5 compliance level or above
[DelegatingClassLoader@1b6c32b6] error at io\qameta\allure\aspects\StepsAspects.java::0 the @annotation pointcut expression is only supported at Java 5 compliance level or above
[DelegatingClassLoader@1b6c32b6] error at io\qameta\allure\aspects\AttachmentsAspects.java::0 the @annotation pointcut expression is only supported at Java 5 compliance level or above
[DelegatingClassLoader@3546a7a2] error at io\qameta\allure\aspects\StepsAspects.java::0 the @annotation pointcut expression is only supported at Java 5 compliance level or above
[DelegatingClassLoader@3546a7a2] error at io\qameta\allure\aspects\AttachmentsAspects.java::0 the @annotation pointcut expression is only supported at Java 5 compliance level or above
[InnerLoader@527c1461] error at io\qameta\allure\aspects\StepsAspects.java::0 the @annotation pointcut expression is only supported at Java 5 compliance level or above
[InnerLoader@527c1461] error at io\qameta\allure\aspects\AttachmentsAspects.java::0 the @annotation pointcut expression is only supported at Java 5 compliance level or above
[DelegatingClassLoader@17c3eda4] error at io\qameta\allure\aspects\StepsAspects.java::0 the @annotation pointcut expression is only supported at Java 5 compliance level or above
[DelegatingClassLoader@17c3eda4] error at io\qameta\allure\aspects\AttachmentsAspects.java::0 the @annotation pointcut expression is only supported at Java 5 compliance level or above
[DelegatingClassLoader@3c7d4fe5] error at io\qameta\allure\aspects\StepsAspects.java::0 the @annotation pointcut expression is only supported at Java 5 compliance level or above
[DelegatingClassLoader@3c7d4fe5] error at io\qameta\allure\aspects\AttachmentsAspects.java::0 the @annotation pointcut expression is only supported at Java 5 compliance level or above
[DelegatingClassLoader@3809fe2d] error at io\qameta\allure\aspects\StepsAspects.java::0 the @annotation pointcut expression is only supported at Java 5 compliance level or above
[DelegatingClassLoader@3809fe2d] error at io\qameta\allure\aspects\AttachmentsAspects.java::0 the @annotation pointcut expression is only supported at Java 5 compliance level or above
[DelegatingClassLoader@414c29b8] error at io\qameta\allure\aspects\StepsAspects.java::0 the @annotation pointcut expression is only supported at Java 5 compliance level or above
[DelegatingClassLoader@414c29b8] error at io\qameta\allure\aspects\AttachmentsAspects.java::0 the @annotation pointcut expression is only supported at Java 5 compliance level or above
[DelegatingClassLoader@5192d164] error at io\qameta\allure\aspects\StepsAspects.java::0 the @annotation pointcut expression is only supported at Java 5 compliance level or above
[DelegatingClassLoader@5192d164] error at io\qameta\allure\aspects\AttachmentsAspects.java::0 the @annotation pointcut expression is only supported at Java 5 compliance level or above
[DelegatingClassLoader@6b2ca46] error at io\qameta\allure\aspects\StepsAspects.java::0 the @annotation pointcut expression is only supported at Java 5 compliance level or above
[DelegatingClassLoader@6b2ca46] error at io\qameta\allure\aspects\AttachmentsAspects.java::0 the @annotation pointcut expression is only supported at Java 5 compliance level or above
[DelegatingClassLoader@63b4c905] error at io\qameta\allure\aspects\StepsAspects.java::0 the @annotation pointcut expression is only supported at Java 5 compliance level or above
[DelegatingClassLoader@63b4c905] error at io\qameta\allure\aspects\AttachmentsAspects.java::0 the @annotation pointcut expression is only supported at Java 5 compliance level or above
[DelegatingClassLoader@37d51961] error at io\qameta\allure\aspects\StepsAspects.java::0 the @annotation pointcut expression is only supported at Java 5 compliance level or above
[DelegatingClassLoader@37d51961] error at io\qameta\allure\aspects\AttachmentsAspects.java::0 the @annotation pointcut expression is only supported at Java 5 compliance level or above
[DelegatingClassLoader@41735d4b] error at io\qameta\allure\aspects\StepsAspects.java::0 the @annotation pointcut expression is only supported at Java 5 compliance level or above
[DelegatingClassLoader@41735d4b] error at io\qameta\allure\aspects\AttachmentsAspects.java::0 the @annotation pointcut expression is only supported at Java 5 compliance level or above
[DelegatingClassLoader@4e0e2505] error at io\qameta\allure\aspects\StepsAspects.java::0 the @annotation pointcut expression is only supported at Java 5 compliance level or above
[DelegatingClassLoader@4e0e2505] error at io\qameta\allure\aspects\AttachmentsAspects.java::0 the @annotation pointcut expression is only supported at Java 5 compliance level or above
[DelegatingClassLoader@42ff0e8a] error at io\qameta\allure\aspects\StepsAspects.java::0 the @annotation pointcut expression is only supported at Java 5 compliance level or above
[DelegatingClassLoader@42ff0e8a] error at io\qameta\allure\aspects\AttachmentsAspects.java::0 the @annotation pointcut expression is only supported at Java 5 compliance level or above
[DelegatingClassLoader@596c909c] error at io\qameta\allure\aspects\StepsAspects.java::0 the @annotation pointcut expression is only supported at Java 5 compliance level or above
[DelegatingClassLoader@596c909c] error at io\qameta\allure\aspects\AttachmentsAspects.java::0 the @annotation pointcut expression is only supported at Java 5 compliance level or above
[DelegatingClassLoader@59389b4f] error at io\qameta\allure\aspects\StepsAspects.java::0 the @annotation pointcut expression is only supported at Java 5 compliance level or above
[DelegatingClassLoader@59389b4f] error at io\qameta\allure\aspects\AttachmentsAspects.java::0 the @annotation pointcut expression is only supported at Java 5 compliance level or above
[DelegatingClassLoader@1726f3d2] error at io\qameta\allure\aspects\StepsAspects.java::0 the @annotation pointcut expression is only supported at Java 5 compliance level or above
[DelegatingClassLoader@1726f3d2] error at io\qameta\allure\aspects\AttachmentsAspects.java::0 the @annotation pointcut expression is only supported at Java 5 compliance level or above
[DelegatingClassLoader@135f0c41] error at io\qameta\allure\aspects\StepsAspects.java::0 the @annotation pointcut expression is only supported at Java 5 compliance level or above
[DelegatingClassLoader@135f0c41] error at io\qameta\allure\aspects\AttachmentsAspects.java::0 the @annotation pointcut expression is only supported at Java 5 compliance level or above
[InnerLoader@1a8cec30] error at io\qameta\allure\aspects\StepsAspects.java::0 the @annotation pointcut expression is only supported at Java 5 compliance level or above
[InnerLoader@1a8cec30] error at io\qameta\allure\aspects\AttachmentsAspects.java::0 the @annotation pointcut expression is only supported at Java 5 compliance level or above
[DelegatingClassLoader@23cf643a] error at io\qameta\allure\aspects\StepsAspects.java::0 the @annotation pointcut expression is only supported at Java 5 compliance level or above
[DelegatingClassLoader@23cf643a] error at io\qameta\allure\aspects\AttachmentsAspects.java::0 the @annotation pointcut expression is only supported at Java 5 compliance level or above
[DelegatingClassLoader@39ac1f04] error at io\qameta\allure\aspects\StepsAspects.java::0 the @annotation pointcut expression is only supported at Java 5 compliance level or above
[DelegatingClassLoader@39ac1f04] error at io\qameta\allure\aspects\AttachmentsAspects.java::0 the @annotation pointcut expression is only supported at Java 5 compliance level or above
[DelegatingClassLoader@5aed8fb1] error at io\qameta\allure\aspects\StepsAspects.java::0 the @annotation pointcut expression is only supported at Java 5 compliance level or above
[DelegatingClassLoader@5aed8fb1] error at io\qameta\allure\aspects\AttachmentsAspects.java::0 the @annotation pointcut expression is only supported at Java 5 compliance level or above
[DelegatingClassLoader@6aaad02e] error at io\qameta\allure\aspects\StepsAspects.java::0 the @annotation pointcut expression is only supported at Java 5 compliance level or above
[DelegatingClassLoader@6aaad02e] error at io\qameta\allure\aspects\AttachmentsAspects.java::0 the @annotation pointcut expression is only supported at Java 5 compliance level or above
[InnerLoader@39cdfd45] error at io\qameta\allure\aspects\StepsAspects.java::0 the @annotation pointcut expression is only supported at Java 5 compliance level or above
[InnerLoader@39cdfd45] error at io\qameta\allure\aspects\AttachmentsAspects.java::0 the @annotation pointcut expression is only supported at Java 5 compliance level or above
[DelegatingClassLoader@763ce1ce] error at io\qameta\allure\aspects\StepsAspects.java::0 the @annotation pointcut expression is only supported at Java 5 compliance level or above
[DelegatingClassLoader@763ce1ce] error at io\qameta\allure\aspects\AttachmentsAspects.java::0 the @annotation pointcut expression is only supported at Java 5 compliance level or above
[DelegatingClassLoader@6d7073be] error at io\qameta\allure\aspects\StepsAspects.java::0 the @annotation pointcut expression is only supported at Java 5 compliance level or above
[DelegatingClassLoader@6d7073be] error at io\qameta\allure\aspects\AttachmentsAspects.java::0 the @annotation pointcut expression is only supported at Java 5 compliance level or above
[DelegatingClassLoader@8e810b0] error at io\qameta\allure\aspects\StepsAspects.java::0 the @annotation pointcut expression is only supported at Java 5 compliance level or above
[DelegatingClassLoader@8e810b0] error at io\qameta\allure\aspects\AttachmentsAspects.java::0 the @annotation pointcut expression is only supported at Java 5 compliance level or above
[DelegatingClassLoader@611cc958] error at io\qameta\allure\aspects\StepsAspects.java::0 the @annotation pointcut expression is only supported at Java 5 compliance level or above
[DelegatingClassLoader@611cc958] error at io\qameta\allure\aspects\AttachmentsAspects.java::0 the @annotation pointcut expression is only supported at Java 5 compliance level or above
[DelegatingClassLoader@2453a911] error at io\qameta\allure\aspects\StepsAspects.java::0 the @annotation pointcut expression is only supported at Java 5 compliance level or above
[DelegatingClassLoader@2453a911] error at io\qameta\allure\aspects\AttachmentsAspects.java::0 the @annotation pointcut expression is only supported at Java 5 compliance level or above
[DelegatingClassLoader@3b3877c8] error at io\qameta\allure\aspects\StepsAspects.java::0 the @annotation pointcut expression is only supported at Java 5 compliance level or above
[DelegatingClassLoader@3b3877c8] error at io\qameta\allure\aspects\AttachmentsAspects.java::0 the @annotation pointcut expression is only supported at Java 5 compliance level or above
[DelegatingClassLoader@28bdb515] error at io\qameta\allure\aspects\StepsAspects.java::0 the @annotation pointcut expression is only supported at Java 5 compliance level or above
[DelegatingClassLoader@28bdb515] error at io\qameta\allure\aspects\AttachmentsAspects.java::0 the @annotation pointcut expression is only supported at Java 5 compliance level or above
[DelegatingClassLoader@7a8437e6] error at io\qameta\allure\aspects\StepsAspects.java::0 the @annotation pointcut expression is only supported at Java 5 compliance level or above
[DelegatingClassLoader@7a8437e6] error at io\qameta\allure\aspects\AttachmentsAspects.java::0 the @annotation pointcut expression is only supported at Java 5 compliance level or above
[DelegatingClassLoader@4800713d] error at io\qameta\allure\aspects\StepsAspects.java::0 the @annotation pointcut expression is only supported at Java 5 compliance level or above
[DelegatingClassLoader@4800713d] error at io\qameta\allure\aspects\AttachmentsAspects.java::0 the @annotation pointcut expression is only supported at Java 5 compliance level or above
[DelegatingClassLoader@7da695e1] error at io\qameta\allure\aspects\StepsAspects.java::0 the @annotation pointcut expression is only supported at Java 5 compliance level or above
[DelegatingClassLoader@7da695e1] error at io\qameta\allure\aspects\AttachmentsAspects.java::0 the @annotation pointcut expression is only supported at Java 5 compliance level or above
[DelegatingClassLoader@35de326a] error at io\qameta\allure\aspects\StepsAspects.java::0 the @annotation pointcut expression is only supported at Java 5 compliance level or above
[DelegatingClassLoader@35de326a] error at io\qameta\allure\aspects\AttachmentsAspects.java::0 the @annotation pointcut expression is only supported at Java 5 compliance level or above
[DelegatingClassLoader@36f6b9b1] error at io\qameta\allure\aspects\StepsAspects.java::0 the @annotation pointcut expression is only supported at Java 5 compliance level or above
[DelegatingClassLoader@36f6b9b1] error at io\qameta\allure\aspects\AttachmentsAspects.java::0 the @annotation pointcut expression is only supported at Java 5 compliance level or above
[InnerLoader@34a0a984] error at io\qameta\allure\aspects\StepsAspects.java::0 the @annotation pointcut expression is only supported at Java 5 compliance level or above
[InnerLoader@34a0a984] error at io\qameta\allure\aspects\AttachmentsAspects.java::0 the @annotation pointcut expression is only supported at Java 5 compliance level or above
[DelegatingClassLoader@41aed53a] error at io\qameta\allure\aspects\StepsAspects.java::0 the @annotation pointcut expression is only supported at Java 5 compliance level or above
[DelegatingClassLoader@41aed53a] error at io\qameta\allure\aspects\AttachmentsAspects.java::0 the @annotation pointcut expression is only supported at Java 5 compliance level or above
[InnerLoader@264171d9] error at io\qameta\allure\aspects\StepsAspects.java::0 the @annotation pointcut expression is only supported at Java 5 compliance level or above
[InnerLoader@264171d9] error at io\qameta\allure\aspects\AttachmentsAspects.java::0 the @annotation pointcut expression is only supported at Java 5 compliance level or above
[DelegatingClassLoader@4b2154d5] error at io\qameta\allure\aspects\StepsAspects.java::0 the @annotation pointcut expression is only supported at Java 5 compliance level or above
[DelegatingClassLoader@4b2154d5] error at io\qameta\allure\aspects\AttachmentsAspects.java::0 the @annotation pointcut expression is only supported at Java 5 compliance level or above
[DelegatingClassLoader@6be7b484] error at io\qameta\allure\aspects\StepsAspects.java::0 the @annotation pointcut expression is only supported at Java 5 compliance level or above
[DelegatingClassLoader@6be7b484] error at io\qameta\allure\aspects\AttachmentsAspects.java::0 the @annotation pointcut expression is only supported at Java 5 compliance level or above
[DelegatingClassLoader@4b510cf2] error at io\qameta\allure\aspects\StepsAspects.java::0 the @annotation pointcut expression is only supported at Java 5 compliance level or above
[DelegatingClassLoader@4b510cf2] error at io\qameta\allure\aspects\AttachmentsAspects.java::0 the @annotation pointcut expression is only supported at Java 5 compliance level or above
[DelegatingClassLoader@4eaea909] error at io\qameta\allure\aspects\StepsAspects.java::0 the @annotation pointcut expression is only supported at Java 5 compliance level or above
[DelegatingClassLoader@4eaea909] error at io\qameta\allure\aspects\AttachmentsAspects.java::0 the @annotation pointcut expression is only supported at Java 5 compliance level or above
[DelegatingClassLoader@69b50dc] error at io\qameta\allure\aspects\StepsAspects.java::0 the @annotation pointcut expression is only supported at Java 5 compliance level or above
[DelegatingClassLoader@69b50dc] error at io\qameta\allure\aspects\AttachmentsAspects.java::0 the @annotation pointcut expression is only supported at Java 5 compliance level or above
[DelegatingClassLoader@bbe7c99] error at io\qameta\allure\aspects\StepsAspects.java::0 the @annotation pointcut expression is only supported at Java 5 compliance level or above
[DelegatingClassLoader@bbe7c99] error at io\qameta\allure\aspects\AttachmentsAspects.java::0 the @annotation pointcut expression is only supported at Java 5 compliance level or above
[DelegatingClassLoader@71e12983] error at io\qameta\allure\aspects\StepsAspects.java::0 the @annotation pointcut expression is only supported at Java 5 compliance level or above
[DelegatingClassLoader@71e12983] error at io\qameta\allure\aspects\AttachmentsAspects.java::0 the @annotation pointcut expression is only supported at Java 5 compliance level or above
[DelegatingClassLoader@3d03940b] error at io\qameta\allure\aspects\StepsAspects.java::0 the @annotation pointcut expression is only supported at Java 5 compliance level or above
[DelegatingClassLoader@3d03940b] error at io\qameta\allure\aspects\AttachmentsAspects.java::0 the @annotation pointcut expression is only supported at Java 5 compliance level or above
[DelegatingClassLoader@78d633b2] error at io\qameta\allure\aspects\StepsAspects.java::0 the @annotation pointcut expression is only supported at Java 5 compliance level or above
[DelegatingClassLoader@78d633b2] error at io\qameta\allure\aspects\AttachmentsAspects.java::0 the @annotation pointcut expression is only supported at Java 5 compliance level or above
[DelegatingClassLoader@5949220d] error at io\qameta\allure\aspects\StepsAspects.java::0 the @annotation pointcut expression is only supported at Java 5 compliance level or above
[DelegatingClassLoader@5949220d] error at io\qameta\allure\aspects\AttachmentsAspects.java::0 the @annotation pointcut expression is only supported at Java 5 compliance level or above
[DelegatingClassLoader@508741de] error at io\qameta\allure\aspects\StepsAspects.java::0 the @annotation pointcut expression is only supported at Java 5 compliance level or above
[DelegatingClassLoader@508741de] error at io\qameta\allure\aspects\AttachmentsAspects.java::0 the @annotation pointcut expression is only supported at Java 5 compliance level or above
[DelegatingClassLoader@ae737e6] error at io\qameta\allure\aspects\StepsAspects.java::0 the @annotation pointcut expression is only supported at Java 5 compliance level or above
[DelegatingClassLoader@ae737e6] error at io\qameta\allure\aspects\AttachmentsAspects.java::0 the @annotation pointcut expression is only supported at Java 5 compliance level or above
[DelegatingClassLoader@53e9f367] error at io\qameta\allure\aspects\StepsAspects.java::0 the @annotation pointcut expression is only supported at Java 5 compliance level or above
[DelegatingClassLoader@53e9f367] error at io\qameta\allure\aspects\AttachmentsAspects.java::0 the @annotation pointcut expression is only supported at Java 5 compliance level or above
[DelegatingClassLoader@368958ca] error at io\qameta\allure\aspects\StepsAspects.java::0 the @annotation pointcut expression is only supported at Java 5 compliance level or above
[DelegatingClassLoader@368958ca] error at io\qameta\allure\aspects\AttachmentsAspects.java::0 the @annotation pointcut expression is only supported at Java 5 compliance level or above
[DelegatingClassLoader@5b242068] error at io\qameta\allure\aspects\StepsAspects.java::0 the @annotation pointcut expression is only supported at Java 5 compliance level or above
[DelegatingClassLoader@5b242068] error at io\qameta\allure\aspects\AttachmentsAspects.java::0 the @annotation pointcut expression is only supported at Java 5 compliance level or above
[DelegatingClassLoader@205a4be6] error at io\qameta\allure\aspects\StepsAspects.java::0 the @annotation pointcut expression is only supported at Java 5 compliance level or above
[DelegatingClassLoader@205a4be6] error at io\qameta\allure\aspects\AttachmentsAspects.java::0 the @annotation pointcut expression is only supported at Java 5 compliance level or above
[DelegatingClassLoader@12c93bc1] error at io\qameta\allure\aspects\StepsAspects.java::0 the @annotation pointcut expression is only supported at Java 5 compliance level or above
[DelegatingClassLoader@12c93bc1] error at io\qameta\allure\aspects\AttachmentsAspects.java::0 the @annotation pointcut expression is only supported at Java 5 compliance level or above
[DelegatingClassLoader@28cb0ae6] error at io\qameta\allure\aspects\StepsAspects.java::0 the @annotation pointcut expression is only supported at Java 5 compliance level or above
[DelegatingClassLoader@28cb0ae6] error at io\qameta\allure\aspects\AttachmentsAspects.java::0 the @annotation pointcut expression is only supported at Java 5 compliance level or above
[DelegatingClassLoader@4ca41bbf] error at io\qameta\allure\aspects\StepsAspects.java::0 the @annotation pointcut expression is only supported at Java 5 compliance level or above
[DelegatingClassLoader@4ca41bbf] error at io\qameta\allure\aspects\AttachmentsAspects.java::0 the @annotation pointcut expression is only supported at Java 5 compliance level or above
[DelegatingClassLoader@b31b141] error at io\qameta\allure\aspects\StepsAspects.java::0 the @annotation pointcut expression is only supported at Java 5 compliance level or above
[DelegatingClassLoader@b31b141] error at io\qameta\allure\aspects\AttachmentsAspects.java::0 the @annotation pointcut expression is only supported at Java 5 compliance level or above
[InnerLoader@739aacf7] error at io\qameta\allure\aspects\StepsAspects.java::0 the @annotation pointcut expression is only supported at Java 5 compliance level or above
[InnerLoader@739aacf7] error at io\qameta\allure\aspects\AttachmentsAspects.java::0 the @annotation pointcut expression is only supported at Java 5 compliance level or above
[DelegatingClassLoader@2a24432] error at io\qameta\allure\aspects\StepsAspects.java::0 the @annotation pointcut expression is only supported at Java 5 compliance level or above
[DelegatingClassLoader@2a24432] error at io\qameta\allure\aspects\AttachmentsAspects.java::0 the @annotation pointcut expression is only supported at Java 5 compliance level or above
[DelegatingClassLoader@f2e5c92] error at io\qameta\allure\aspects\StepsAspects.java::0 the @annotation pointcut expression is only supported at Java 5 compliance level or above
[DelegatingClassLoader@f2e5c92] error at io\qameta\allure\aspects\AttachmentsAspects.java::0 the @annotation pointcut expression is only supported at Java 5 compliance level or above
]]></system-err>
</testsuite>
